<?xml version="1.0" encoding="UTF-8"?>
<!-- Generated by org.testng.reporters.JUnitReportReporter -->
<testsuite hostname="DESKTOP-QHJNAQB" failures="0" tests="1" name="Testcase.verificationLogin" time="5.858" errors="0" timestamp="2023-02-16T14:11:43 IST" skipped="0">
  <testcase classname="Testcase.verificationLogin" name="login" time="5.858"/>
  <system-out/>
</testsuite> <!-- Testcase.verificationLogin -->
